<?xml version="1.0" encoding="UTF-8"?>
<testsuite xmlns:xsi="http://www.w3.org/2001/XMLSchema-instance" xsi:noNamespaceSchemaLocation="https://maven.apache.org/surefire/maven-surefire-plugin/xsd/surefire-test-report.xsd" name="TestSuite" time="26.404" tests="2" errors="0" skipped="0" failures="0">
  <properties>
    <property name="sun.desktop" value="windows"/>
    <property name="awt.toolkit" value="sun.awt.windows.WToolkit"/>
    <property name="file.encoding.pkg" value="sun.io"/>
    <property name="java.specification.version" value="1.8"/>
    <property name="sun.cpu.isalist" value="amd64"/>
    <property name="sun.jnu.encoding" value="GBK"/>
    <property name="java.class.path" value="E:\Code\Selenium\SeleniumProj\target\test-classes;E:\Code\Selenium\SeleniumProj\target\classes;D:\tools\.m2\respository\org\seleniumhq\selenium\selenium-java\2.53.0\selenium-java-2.53.0.jar;D:\tools\.m2\respository\org\seleniumhq\selenium\selenium-chrome-driver\2.53.0\selenium-chrome-driver-2.53.0.jar;D:\tools\.m2\respository\org\seleniumhq\selenium\selenium-remote-driver\2.53.0\selenium-remote-driver-2.53.0.jar;D:\tools\.m2\respository\cglib\cglib-nodep\2.1_3\cglib-nodep-2.1_3.jar;D:\tools\.m2\respository\org\apache\httpcomponents\httpclient\4.5.1\httpclient-4.5.1.jar;D:\tools\.m2\respository\org\apache\httpcomponents\httpcore\4.4.3\httpcore-4.4.3.jar;D:\tools\.m2\respository\commons-logging\commons-logging\1.2\commons-logging-1.2.jar;D:\tools\.m2\respository\org\seleniumhq\selenium\selenium-edge-driver\2.53.0\selenium-edge-driver-2.53.0.jar;D:\tools\.m2\respository\commons-io\commons-io\2.4\commons-io-2.4.jar;D:\tools\.m2\respository\org\apache\commons\commons-exec\1.3\commons-exec-1.3.jar;D:\tools\.m2\respository\org\seleniumhq\selenium\selenium-firefox-driver\2.53.0\selenium-firefox-driver-2.53.0.jar;D:\tools\.m2\respository\org\seleniumhq\selenium\selenium-ie-driver\2.53.0\selenium-ie-driver-2.53.0.jar;D:\tools\.m2\respository\net\java\dev\jna\jna\4.1.0\jna-4.1.0.jar;D:\tools\.m2\respository\net\java\dev\jna\jna-platform\4.1.0\jna-platform-4.1.0.jar;D:\tools\.m2\respository\org\seleniumhq\selenium\selenium-safari-driver\2.53.0\selenium-safari-driver-2.53.0.jar;D:\tools\.m2\respository\io\netty\netty\3.5.7.Final\netty-3.5.7.Final.jar;D:\tools\.m2\respository\org\seleniumhq\selenium\selenium-support\2.53.0\selenium-support-2.53.0.jar;D:\tools\.m2\respository\org\seleniumhq\selenium\selenium-leg-rc\2.53.0\selenium-leg-rc-2.53.0.jar;D:\tools\.m2\respository\org\seleniumhq\selenium\selenium-api\2.53.0\selenium-api-2.53.0.jar;D:\tools\.m2\respository\com\google\guava\guava\19.0\guava-19.0.jar;D:\tools\.m2\respository\com\google\code\gson\gson\2.3.1\gson-2.3.1.jar;D:\tools\.m2\respository\org\seleniumhq\selenium\selenium-server\2.53.0\selenium-server-2.53.0.jar;D:\tools\.m2\respository\com\beust\jcommander\1.48\jcommander-1.48.jar;D:\tools\.m2\respository\org\bouncycastle\bcprov-jdk15on\1.48\bcprov-jdk15on-1.48.jar;D:\tools\.m2\respository\org\bouncycastle\bcpkix-jdk15on\1.48\bcpkix-jdk15on-1.48.jar;D:\tools\.m2\respository\mx4j\mx4j-tools\3.0.1\mx4j-tools-3.0.1.jar;D:\tools\.m2\respository\org\seleniumhq\selenium\jetty-repacked\9.2.13.v20150730\jetty-repacked-9.2.13.v20150730.jar;D:\tools\.m2\respository\javax\servlet\javax.servlet-api\3.1.0\javax.servlet-api-3.1.0.jar;D:\tools\.m2\respository\org\seleniumhq\selenium\jetty-rc-repacked\5\jetty-rc-repacked-5.jar;D:\tools\.m2\respository\net\jcip\jcip-annotations\1.0\jcip-annotations-1.0.jar;D:\tools\.m2\respository\org\yaml\snakeyaml\1.8\snakeyaml-1.8.jar;D:\tools\.m2\respository\commons-codec\commons-codec\1.10\commons-codec-1.10.jar;D:\tools\.m2\respository\org\projectlombok\lombok\1.18.8\lombok-1.18.8.jar;D:\tools\.m2\respository\org\slf4j\slf4j-api\1.7.26\slf4j-api-1.7.26.jar;D:\tools\.m2\respository\org\slf4j\slf4j-simple\1.7.28\slf4j-simple-1.7.28.jar;D:\tools\.m2\respository\org\apache\poi\poi\3.17\poi-3.17.jar;D:\tools\.m2\respository\org\apache\commons\commons-collections4\4.1\commons-collections4-4.1.jar;D:\tools\.m2\respository\org\apache\poi\poi-examples\3.17\poi-examples-3.17.jar;D:\tools\.m2\respository\org\apache\poi\poi-ooxml\3.17\poi-ooxml-3.17.jar;D:\tools\.m2\respository\org\apache\poi\poi-ooxml-schemas\3.17\poi-ooxml-schemas-3.17.jar;D:\tools\.m2\respository\org\apache\poi\poi-scratchpad\3.17\poi-scratchpad-3.17.jar;D:\tools\.m2\respository\org\apache\poi\poi-excelant\3.17\poi-excelant-3.17.jar;D:\tools\.m2\respository\org\apache\ant\ant\1.8.2\ant-1.8.2.jar;D:\tools\.m2\respository\org\apache\ant\ant-launcher\1.8.2\ant-launcher-1.8.2.jar;D:\tools\.m2\respository\org\apache\xmlbeans\xmlbeans\2.6.0\xmlbeans-2.6.0.jar;D:\tools\.m2\respository\stax\stax-api\1.0.1\stax-api-1.0.1.jar;D:\tools\.m2\respository\com\github\virtuald\curvesapi\1.05\curvesapi-1.05.jar;D:\tools\.m2\respository\com\google\inject\guice\4.2.2\guice-4.2.2.jar;D:\tools\.m2\respository\javax\inject\javax.inject\1\javax.inject-1.jar;D:\tools\.m2\respository\aopalliance\aopalliance\1.0\aopalliance-1.0.jar;D:\tools\.m2\respository\org\testng\testng\6.14.3\testng-6.14.3.jar;D:\tools\.m2\respository\org\apache-extras\beanshell\bsh\2.0b6\bsh-2.0b6.jar;D:\tools\.m2\respository\org\uncommons\reportng\1.1.4\reportng-1.1.4.jar;D:\tools\.m2\respository\velocity\velocity\1.4\velocity-1.4.jar;D:\tools\.m2\respository\velocity\velocity-dep\1.4\velocity-dep-1.4.jar;D:\tools\.m2\respository\log4j\log4j\1.2.17\log4j-1.2.17.jar;D:\tools\.m2\respository\junit\junit\4.11\junit-4.11.jar;D:\tools\.m2\respository\org\hamcrest\hamcrest-core\1.3\hamcrest-core-1.3.jar;"/>
    <property name="java.vm.vendor" value="Oracle Corporation"/>
    <property name="sun.arch.data.model" value="64"/>
    <property name="user.variant" value=""/>
    <property name="java.vendor.url" value="http://java.oracle.com/"/>
    <property name="user.timezone" value="Asia/Shanghai"/>
    <property name="java.vm.specification.version" value="1.8"/>
    <property name="os.name" value="Windows 10"/>
    <property name="user.country" value="CN"/>
    <property name="sun.java.launcher" value="SUN_STANDARD"/>
    <property name="sun.boot.library.path" value="D:\tools\Java\jdk1.8.0_221\jre\bin"/>
    <property name="sun.java.command" value="C:\Users\chen-PC\AppData\Local\Temp\surefire1482967497796281140\surefirebooter5563576023755427398.jar C:\Users\chen-PC\AppData\Local\Temp\surefire1482967497796281140 2019-10-02T01-53-24_631-jvmRun1 surefire2677241773603791699tmp surefire_08111095505819546539tmp"/>
    <property name="surefire.test.class.path" value="E:\Code\Selenium\SeleniumProj\target\test-classes;E:\Code\Selenium\SeleniumProj\target\classes;D:\tools\.m2\respository\org\seleniumhq\selenium\selenium-java\2.53.0\selenium-java-2.53.0.jar;D:\tools\.m2\respository\org\seleniumhq\selenium\selenium-chrome-driver\2.53.0\selenium-chrome-driver-2.53.0.jar;D:\tools\.m2\respository\org\seleniumhq\selenium\selenium-remote-driver\2.53.0\selenium-remote-driver-2.53.0.jar;D:\tools\.m2\respository\cglib\cglib-nodep\2.1_3\cglib-nodep-2.1_3.jar;D:\tools\.m2\respository\org\apache\httpcomponents\httpclient\4.5.1\httpclient-4.5.1.jar;D:\tools\.m2\respository\org\apache\httpcomponents\httpcore\4.4.3\httpcore-4.4.3.jar;D:\tools\.m2\respository\commons-logging\commons-logging\1.2\commons-logging-1.2.jar;D:\tools\.m2\respository\org\seleniumhq\selenium\selenium-edge-driver\2.53.0\selenium-edge-driver-2.53.0.jar;D:\tools\.m2\respository\commons-io\commons-io\2.4\commons-io-2.4.jar;D:\tools\.m2\respository\org\apache\commons\commons-exec\1.3\commons-exec-1.3.jar;D:\tools\.m2\respository\org\seleniumhq\selenium\selenium-firefox-driver\2.53.0\selenium-firefox-driver-2.53.0.jar;D:\tools\.m2\respository\org\seleniumhq\selenium\selenium-ie-driver\2.53.0\selenium-ie-driver-2.53.0.jar;D:\tools\.m2\respository\net\java\dev\jna\jna\4.1.0\jna-4.1.0.jar;D:\tools\.m2\respository\net\java\dev\jna\jna-platform\4.1.0\jna-platform-4.1.0.jar;D:\tools\.m2\respository\org\seleniumhq\selenium\selenium-safari-driver\2.53.0\selenium-safari-driver-2.53.0.jar;D:\tools\.m2\respository\io\netty\netty\3.5.7.Final\netty-3.5.7.Final.jar;D:\tools\.m2\respository\org\seleniumhq\selenium\selenium-support\2.53.0\selenium-support-2.53.0.jar;D:\tools\.m2\respository\org\seleniumhq\selenium\selenium-leg-rc\2.53.0\selenium-leg-rc-2.53.0.jar;D:\tools\.m2\respository\org\seleniumhq\selenium\selenium-api\2.53.0\selenium-api-2.53.0.jar;D:\tools\.m2\respository\com\google\guava\guava\19.0\guava-19.0.jar;D:\tools\.m2\respository\com\google\code\gson\gson\2.3.1\gson-2.3.1.jar;D:\tools\.m2\respository\org\seleniumhq\selenium\selenium-server\2.53.0\selenium-server-2.53.0.jar;D:\tools\.m2\respository\com\beust\jcommander\1.48\jcommander-1.48.jar;D:\tools\.m2\respository\org\bouncycastle\bcprov-jdk15on\1.48\bcprov-jdk15on-1.48.jar;D:\tools\.m2\respository\org\bouncycastle\bcpkix-jdk15on\1.48\bcpkix-jdk15on-1.48.jar;D:\tools\.m2\respository\mx4j\mx4j-tools\3.0.1\mx4j-tools-3.0.1.jar;D:\tools\.m2\respository\org\seleniumhq\selenium\jetty-repacked\9.2.13.v20150730\jetty-repacked-9.2.13.v20150730.jar;D:\tools\.m2\respository\javax\servlet\javax.servlet-api\3.1.0\javax.servlet-api-3.1.0.jar;D:\tools\.m2\respository\org\seleniumhq\selenium\jetty-rc-repacked\5\jetty-rc-repacked-5.jar;D:\tools\.m2\respository\net\jcip\jcip-annotations\1.0\jcip-annotations-1.0.jar;D:\tools\.m2\respository\org\yaml\snakeyaml\1.8\snakeyaml-1.8.jar;D:\tools\.m2\respository\commons-codec\commons-codec\1.10\commons-codec-1.10.jar;D:\tools\.m2\respository\org\projectlombok\lombok\1.18.8\lombok-1.18.8.jar;D:\tools\.m2\respository\org\slf4j\slf4j-api\1.7.26\slf4j-api-1.7.26.jar;D:\tools\.m2\respository\org\slf4j\slf4j-simple\1.7.28\slf4j-simple-1.7.28.jar;D:\tools\.m2\respository\org\apache\poi\poi\3.17\poi-3.17.jar;D:\tools\.m2\respository\org\apache\commons\commons-collections4\4.1\commons-collections4-4.1.jar;D:\tools\.m2\respository\org\apache\poi\poi-examples\3.17\poi-examples-3.17.jar;D:\tools\.m2\respository\org\apache\poi\poi-ooxml\3.17\poi-ooxml-3.17.jar;D:\tools\.m2\respository\org\apache\poi\poi-ooxml-schemas\3.17\poi-ooxml-schemas-3.17.jar;D:\tools\.m2\respository\org\apache\poi\poi-scratchpad\3.17\poi-scratchpad-3.17.jar;D:\tools\.m2\respository\org\apache\poi\poi-excelant\3.17\poi-excelant-3.17.jar;D:\tools\.m2\respository\org\apache\ant\ant\1.8.2\ant-1.8.2.jar;D:\tools\.m2\respository\org\apache\ant\ant-launcher\1.8.2\ant-launcher-1.8.2.jar;D:\tools\.m2\respository\org\apache\xmlbeans\xmlbeans\2.6.0\xmlbeans-2.6.0.jar;D:\tools\.m2\respository\stax\stax-api\1.0.1\stax-api-1.0.1.jar;D:\tools\.m2\respository\com\github\virtuald\curvesapi\1.05\curvesapi-1.05.jar;D:\tools\.m2\respository\com\google\inject\guice\4.2.2\guice-4.2.2.jar;D:\tools\.m2\respository\javax\inject\javax.inject\1\javax.inject-1.jar;D:\tools\.m2\respository\aopalliance\aopalliance\1.0\aopalliance-1.0.jar;D:\tools\.m2\respository\org\testng\testng\6.14.3\testng-6.14.3.jar;D:\tools\.m2\respository\org\apache-extras\beanshell\bsh\2.0b6\bsh-2.0b6.jar;D:\tools\.m2\respository\org\uncommons\reportng\1.1.4\reportng-1.1.4.jar;D:\tools\.m2\respository\velocity\velocity\1.4\velocity-1.4.jar;D:\tools\.m2\respository\velocity\velocity-dep\1.4\velocity-dep-1.4.jar;D:\tools\.m2\respository\log4j\log4j\1.2.17\log4j-1.2.17.jar;D:\tools\.m2\respository\junit\junit\4.11\junit-4.11.jar;D:\tools\.m2\respository\org\hamcrest\hamcrest-core\1.3\hamcrest-core-1.3.jar;"/>
    <property name="sun.cpu.endian" value="little"/>
    <property name="user.home" value="C:\Users\chen-PC"/>
    <property name="user.language" value="zh"/>
    <property name="java.specification.vendor" value="Oracle Corporation"/>
    <property name="java.home" value="D:\tools\Java\jdk1.8.0_221\jre"/>
    <property name="basedir" value="E:\Code\Selenium\SeleniumProj"/>
    <property name="file.separator" value="\"/>
    <property name="line.separator" value="&#10;"/>
    <property name="java.vm.specification.vendor" value="Oracle Corporation"/>
    <property name="java.specification.name" value="Java Platform API Specification"/>
    <property name="java.awt.graphicsenv" value="sun.awt.Win32GraphicsEnvironment"/>
    <property name="surefire.real.class.path" value="C:\Users\chen-PC\AppData\Local\Temp\surefire1482967497796281140\surefirebooter5563576023755427398.jar"/>
    <property name="sun.boot.class.path" value="D:\tools\Java\jdk1.8.0_221\jre\lib\resources.jar;D:\tools\Java\jdk1.8.0_221\jre\lib\rt.jar;D:\tools\Java\jdk1.8.0_221\jre\lib\sunrsasign.jar;D:\tools\Java\jdk1.8.0_221\jre\lib\jsse.jar;D:\tools\Java\jdk1.8.0_221\jre\lib\jce.jar;D:\tools\Java\jdk1.8.0_221\jre\lib\charsets.jar;D:\tools\Java\jdk1.8.0_221\jre\lib\jfr.jar;D:\tools\Java\jdk1.8.0_221\jre\classes"/>
    <property name="user.script" value=""/>
    <property name="sun.management.compiler" value="HotSpot 64-Bit Tiered Compilers"/>
    <property name="java.runtime.version" value="1.8.0_221-b11"/>
    <property name="user.name" value="chen-PC"/>
    <property name="path.separator" value=";"/>
    <property name="os.version" value="10.0"/>
    <property name="java.endorsed.dirs" value="D:\tools\Java\jdk1.8.0_221\jre\lib\endorsed"/>
    <property name="java.runtime.name" value="Java(TM) SE Runtime Environment"/>
    <property name="file.encoding" value="utf-8"/>
    <property name="java.vm.name" value="Java HotSpot(TM) 64-Bit Server VM"/>
    <property name="localRepository" value="D:\tools\.m2\respository"/>
    <property name="java.vendor.url.bug" value="http://bugreport.sun.com/bugreport/"/>
    <property name="java.io.tmpdir" value="C:\Users\chen-PC\AppData\Local\Temp\"/>
    <property name="java.version" value="1.8.0_221"/>
    <property name="user.dir" value="E:\Code\Selenium\SeleniumProj\target"/>
    <property name="os.arch" value="amd64"/>
    <property name="java.vm.specification.name" value="Java Virtual Machine Specification"/>
    <property name="java.awt.printerjob" value="sun.awt.windows.WPrinterJob"/>
    <property name="sun.os.patch.level" value=""/>
    <property name="idea.version2019.1" value="true"/>
    <property name="java.library.path" value="D:\tools\Java\jdk1.8.0_221\jre\bin;C:\Windows\Sun\Java\bin;C:\Windows\system32;C:\Windows;D:\tools\Java\jdk1.8.0_221\bin;D:\tools\Java\jdk1.8.0_221\jre\bin;D:\tools\apache-maven-3.6.0\bin;D:\tools\apache-tomcat-8.5.46\bin;C:\Program Files (x86)\Common Files\Oracle\Java\javapath;C:\Windows\system32;C:\Windows;C:\Windows\System32\Wbem;C:\Windows\System32\WindowsPowerShell\v1.0\;C:\Windows\System32\OpenSSH\;C:\Program Files (x86)\NVIDIA Corporation\PhysX\Common;C:\Program Files\NVIDIA Corporation\NVIDIA NvDLISR;C:\Users\chen-PC\AppData\Local\Microsoft\WindowsApps;;."/>
    <property name="java.vm.info" value="mixed mode"/>
    <property name="java.vendor" value="Oracle Corporation"/>
    <property name="java.vm.version" value="25.221-b11"/>
    <property name="java.ext.dirs" value="D:\tools\Java\jdk1.8.0_221\jre\lib\ext;C:\Windows\Sun\Java\lib\ext"/>
    <property name="sun.io.unicode.encoding" value="UnicodeLittle"/>
    <property name="maven.repo.local" value="D:\tools\.m2\respository"/>
    <property name="java.class.version" value="52.0"/>
  </properties>
  <testcase name="testById" classname="per.cyj.selenium.element.ByIDTest" time="2.319"/>
  <testcase name="testByName" classname="per.cyj.selenium.element.ByNameTest" time="2.382"/>
</testsuite>