<?xml version="1.0" encoding="UTF-8"?>
<!-- Generated by org.testng.reporters.JUnitReportReporter -->
<testsuite skipped="0" hostname="DESKTOP-V431EDA" name="per.cyj.selenium.element.ByNameTest" tests="1" failures="0" timestamp="01 十月 2019 17:53:51 GMT" time="12.371" errors="0">
  <testcase name="testByName" time="12.371" classname="per.cyj.selenium.element.ByNameTest"/>
</testsuite> <!-- per.cyj.selenium.element.ByNameTest -->
