<?xml version="1.0" encoding="UTF-8"?>
<!-- Generated by org.testng.reporters.JUnitReportReporter -->
<testsuite skipped="0" hostname="DESKTOP-V431EDA" name="per.cyj.selenium.element.ByIDTest" tests="1" failures="0" timestamp="01 十月 2019 17:53:51 GMT" time="13.224" errors="0">
  <testcase name="testById" time="13.224" classname="per.cyj.selenium.element.ByIDTest"/>
</testsuite> <!-- per.cyj.selenium.element.ByIDTest -->
